生成启动时间为 2023/8/9 18:36:28。
     1>项目“c:\Users\shang\documents\visual studio 2013\Projects\MFCApplication2\MFCApplication2\MFCApplication2.vcxproj”在节点 2 上(Build 个目标)。
     1>ResourceCompile:
         C:\Program Files (x86)\Windows Kits\8.1\bin\x86\rc.exe /D NDEBUG /D _UNICODE /D UNICODE /l"0x0804" /IRelease\ /nologo /fo"Release\MFCApplication2.res" MFCApplication2.rc 
       Link:
         E:\VS\VC\bin\link.exe /ERRORREPORT:PROMPT /OUT:"c:\users\shang\documents\visual studio 2013\Projects\MFCApplication2\Release\MFCApplication2.exe" /INCREMENTAL:NO /NOLOGO /MANIFEST /MANIFESTUAC:"level='asInvoker' uiAccess='false'" /manifest:embed /manifestinput:E:\VS\VC\Include\Manifest\dpiaware.manifest /DEBUG /PDB:"c:\users\shang\documents\visual studio 2013\Projects\MFCApplication2\Release\MFCApplication2.pdb" /SUBSYSTEM:WINDOWS /OPT:REF /OPT:ICF /LTCG /TLBID:1 /ENTRY:"wWinMainCRTStartup" /DYNAMICBASE /NXCOMPAT /IMPLIB:"c:\users\shang\documents\visual studio 2013\Projects\MFCApplication2\Release\MFCApplication2.lib" /MACHINE:X86 /SAFESEH Release\MFCApplication2.res
         Release\CalendarBar.obj
         Release\ChildFrm.obj
         Release\ClassView.obj
         Release\CntrItem.obj
         Release\FileView.obj
         Release\MainFrm.obj
         Release\MFCApplication2.obj
         Release\MFCApplication2Doc.obj
         Release\MFCApplication2View.obj
         Release\OutputWnd.obj
         Release\PropertiesWnd.obj
         Release\stdafx.obj
         Release\ViewTree.obj
         正在生成代码
         已完成代码的生成
         MFCApplication2.vcxproj -> c:\users\shang\documents\visual studio 2013\Projects\MFCApplication2\Release\MFCApplication2.exe
     1>已完成生成项目“c:\Users\shang\documents\visual studio 2013\Projects\MFCApplication2\MFCApplication2\MFCApplication2.vcxproj”(Build 个目标)的操作。

生成成功。

已用时间 00:00:02.88
