c:\users\shang\documents\visual studio 2013\projects\mfcapplication2\mfcapplication2\release\mfcapplication2.pch
c:\users\shang\documents\visual studio 2013\projects\mfcapplication2\mfcapplication2\release\vc120.pdb
c:\users\shang\documents\visual studio 2013\projects\mfcapplication2\mfcapplication2\release\stdafx.obj
c:\users\shang\documents\visual studio 2013\projects\mfcapplication2\mfcapplication2\release\viewtree.obj
c:\users\shang\documents\visual studio 2013\projects\mfcapplication2\mfcapplication2\release\propertieswnd.obj
c:\users\shang\documents\visual studio 2013\projects\mfcapplication2\mfcapplication2\release\outputwnd.obj
c:\users\shang\documents\visual studio 2013\projects\mfcapplication2\mfcapplication2\release\mfcapplication2view.obj
c:\users\shang\documents\visual studio 2013\projects\mfcapplication2\mfcapplication2\release\mfcapplication2doc.obj
c:\users\shang\documents\visual studio 2013\projects\mfcapplication2\mfcapplication2\release\mfcapplication2.obj
c:\users\shang\documents\visual studio 2013\projects\mfcapplication2\mfcapplication2\release\mainfrm.obj
c:\users\shang\documents\visual studio 2013\projects\mfcapplication2\mfcapplication2\release\fileview.obj
c:\users\shang\documents\visual studio 2013\projects\mfcapplication2\mfcapplication2\release\cntritem.obj
c:\users\shang\documents\visual studio 2013\projects\mfcapplication2\mfcapplication2\release\classview.obj
c:\users\shang\documents\visual studio 2013\projects\mfcapplication2\mfcapplication2\release\childfrm.obj
c:\users\shang\documents\visual studio 2013\projects\mfcapplication2\mfcapplication2\release\calendarbar.obj
c:\users\shang\documents\visual studio 2013\projects\mfcapplication2\release\mfcapplication2.exe
c:\users\shang\documents\visual studio 2013\projects\mfcapplication2\release\mfcapplication2.pdb
c:\users\shang\documents\visual studio 2013\projects\mfcapplication2\mfcapplication2\release\mfcapplication2.tlog\cl.command.1.tlog
c:\users\shang\documents\visual studio 2013\projects\mfcapplication2\mfcapplication2\release\mfcapplication2.tlog\cl.read.1.tlog
c:\users\shang\documents\visual studio 2013\projects\mfcapplication2\mfcapplication2\release\mfcapplication2.tlog\cl.write.1.tlog
c:\users\shang\documents\visual studio 2013\projects\mfcapplication2\mfcapplication2\release\mfcapplication2.tlog\link.command.1.tlog
c:\users\shang\documents\visual studio 2013\projects\mfcapplication2\mfcapplication2\release\mfcapplication2.tlog\link.read.1.tlog
c:\users\shang\documents\visual studio 2013\projects\mfcapplication2\mfcapplication2\release\mfcapplication2.tlog\link.write.1.tlog
c:\users\shang\documents\visual studio 2013\projects\mfcapplication2\mfcapplication2\release\mfcapplication2.tlog\rc.command.1.tlog
c:\users\shang\documents\visual studio 2013\projects\mfcapplication2\mfcapplication2\release\mfcapplication2.tlog\rc.read.1.tlog
c:\users\shang\documents\visual studio 2013\projects\mfcapplication2\mfcapplication2\release\mfcapplication2.tlog\rc.write.1.tlog
